<?xml version="1.0" encoding="UTF-8" standalone="no"?><testsuite errors="0" failures="1" name="Change Post by ID" skipped="0" tests="2" time="0.79" timestamp="2024-05-13 09:16:26"><testcase name="As a admin I can change post by ID with valid inputs"/><testcase name="As a admin I cannot change post by ID with empty inputs"><failure message="1 expectation failed.&#10;Expected status code &lt;400&gt; but was &lt;200&gt;.&#10;" type="java.lang.AssertionError">1 expectation failed.
Expected status code &lt;400&gt; but was &lt;200&gt;.
</failure><system-err>1 expectation failed.
Expected status code &lt;400&gt; but was &lt;200&gt;.

io.restassured.internal.ResponseSpecificationImpl.validateResponseIfRequired(ResponseSpecificationImpl.groovy:696)
io.restassured.internal.ResponseSpecificationImpl.this$2$validateResponseIfRequired(ResponseSpecificationImpl.groovy)
io.restassured.internal.ResponseSpecificationImpl.statusCode(ResponseSpecificationImpl.groovy:135)
io.restassured.internal.ResponseSpecificationImpl.statusCode(ResponseSpecificationImpl.groovy:143)
io.restassured.internal.ValidatableResponseOptionsImpl.statusCode(ValidatableResponseOptionsImpl.java:89)
starter.user.ChangePostById.lambda$receiveStatusCode400$3(ChangePostById.java:54)
net.serenitybdd.rest.SerenityRest.restAssuredThat(SerenityRest.java:626)
starter.user.ChangePostById.receiveStatusCode400(ChangePostById.java:54)
starter.stepdefinitions.ChangePostByIdSteps.receiveStatusCodeError400(ChangePostByIdSteps.java:39)
</system-err></testcase></testsuite>